<?xml version="1.0" encoding="UTF-8"?>
<testsuite xmlns:xsi="http://www.w3.org/2001/XMLSchema-instance" xsi:noNamespaceSchemaLocation="https://maven.apache.org/surefire/maven-surefire-plugin/xsd/surefire-test-report.xsd" version="3.0.2" name="com.example.authservice.controller.AuthControllerTest" time="7.122" tests="7" errors="0" skipped="0" failures="0">
  <properties>
[...]
</properties>
  <testcase name="shouldReturn401ForInvalidApiKey" classname="com.example.authservice.controller.AuthControllerTest" time="1.603">
    <system-out><![CDATA[2025-12-14T15:09:11.026+03:00  INFO 538299 --- [auth-service] [           main] t.c.s.AnnotationConfigContextLoaderUtils : Could not detect default configuration classes for test class [com.example.authservice.controller.AuthControllerTest]: AuthControllerTest does not declare any static, non-private, non-final, nested classes annotated with @Configuration.
2025-12-14T15:09:11.188+03:00  INFO 538299 --- [auth-service] [           main] .b.t.c.SpringBootTestContextBootstrapper : Found @SpringBootConfiguration com.example.authservice.AuthServiceApplication for test class com.example.authservice.controller.AuthControllerTest
2025-12-14T15:09:11.243+03:00  INFO 538299 --- [auth-service] [           main] o.s.b.d.r.RestartApplicationListener     : Restart disabled due to context in which it is running
2025-12-14T15:09:11.268+03:00  INFO 538299 --- [auth-service] [           main] o.s.b.d.r.RestartApplicationListener     : Restart disabled due to context in which it is running

  .   ____          _            __ _ _
 /\\ / ___'_ __ _ _(_)_ __  __ _ \ \ \ \
( ( )\___ | '_ | '_| | '_ \/ _` | \ \ \ \
 \\/  ___)| |_)| | | | | || (_| |  ) ) ) )
  '  |____| .__|_| |_|_| |_\__, | / / / /
 =========|_|==============|___/=/_/_/_/

 :: Spring Boot ::                (v3.4.5)

2025-12-14T15:09:11.920+03:00  INFO 538299 --- [auth-service] [           main] c.e.a.controller.AuthControllerTest      : The following 1 profile is active: "test"
2025-12-14T15:09:14.446+03:00  WARN 538299 --- [auth-service] [           main] .s.s.UserDetailsServiceAutoConfiguration : 

Using generated security password: 8d28f333-618b-469e-8fec-7f0fcd6d6a0c

This generated password is for development use only. Your security configuration must be updated before running your application in production.

2025-12-14T15:09:14.472+03:00  INFO 538299 --- [auth-service] [           main] r$InitializeUserDetailsManagerConfigurer : Global AuthenticationManager configured with UserDetailsService bean with name inMemoryUserDetailsManager
2025-12-14T15:09:15.563+03:00  INFO 538299 --- [auth-service] [           main] o.s.b.t.m.w.SpringBootMockServletContext : Initializing Spring TestDispatcherServlet ''
2025-12-14T15:09:15.564+03:00  INFO 538299 --- [auth-service] [           main] o.s.t.web.servlet.TestDispatcherServlet  : Initializing Servlet ''
2025-12-14T15:09:15.567+03:00  INFO 538299 --- [auth-service] [           main] o.s.t.web.servlet.TestDispatcherServlet  : Completed initialization in 3 ms
2025-12-14T15:09:15.639+03:00  INFO 538299 --- [auth-service] [           main] c.e.a.controller.AuthControllerTest      : Started AuthControllerTest in 4.398 seconds (process running for 33.01)
2025-12-14T15:09:17.013+03:00  INFO 538299 --- [auth-service] [           main] c.e.a.controller.AuthController          : Authentication request from IP: 127.0.0.1
2025-12-14T15:09:17.055+03:00  WARN 538299 --- [auth-service] [           main] c.e.a.exception.GlobalExceptionHandler   : Invalid API key attempt: Invalid API key
]]></system-out>
  </testcase>
  <testcase name="shouldValidateTokenSuccessfully" classname="com.example.authservice.controller.AuthControllerTest" time="0.396"/>
  <testcase name="shouldAuthenticateWithValidApiKey" classname="com.example.authservice.controller.AuthControllerTest" time="0.072">
    <system-out><![CDATA[2025-12-14T15:09:17.735+03:00  INFO 538299 --- [auth-service] [           main] c.e.a.controller.AuthController          : Authentication request from IP: 127.0.0.1
]]></system-out>
  </testcase>
  <testcase name="shouldReturn429WhenRateLimitExceeded" classname="com.example.authservice.controller.AuthControllerTest" time="0.02">
    <system-out><![CDATA[2025-12-14T15:09:17.775+03:00  INFO 538299 --- [auth-service] [           main] c.e.a.controller.AuthController          : Authentication request from IP: 127.0.0.1
2025-12-14T15:09:17.778+03:00  WARN 538299 --- [auth-service] [           main] c.e.a.exception.GlobalExceptionHandler   : Rate limit exceeded: Rate limit exceeded. Please try again later.
]]></system-out>
  </testcase>
  <testcase name="shouldRejectRequestWithMissingApiKey" classname="com.example.authservice.controller.AuthControllerTest" time="0.041">
    <system-out><![CDATA[2025-12-14T15:09:17.818+03:00  WARN 538299 --- [auth-service] [           main] c.e.a.exception.GlobalExceptionHandler   : Validation failed: Validation failed for argument [0] in public org.springframework.http.ResponseEntity<com.example.authservice.dto.AuthResponse> com.example.authservice.controller.AuthController.authenticate(com.example.authservice.dto.AuthRequest,jakarta.servlet.http.HttpServletRequest): [Field error in object 'authRequest' on field 'apiKey': rejected value [null]; codes [NotBlank.authRequest.apiKey,NotBlank.apiKey,NotBlank.java.lang.String,NotBlank]; arguments [org.springframework.context.support.DefaultMessageSourceResolvable: codes [authRequest.apiKey,apiKey]; arguments []; default message [apiKey]]; default message [API key is required]] 
]]></system-out>
  </testcase>
  <testcase name="shouldRevokeTokenSuccessfully" classname="com.example.authservice.controller.AuthControllerTest" time="0.08">
    <system-out><![CDATA[2025-12-14T15:09:17.918+03:00  INFO 538299 --- [auth-service] [           main] c.e.a.controller.AuthController          : Token revocation request
]]></system-out>
  </testcase>
  <testcase name="shouldRefreshTokenSuccessfully" classname="com.example.authservice.controller.AuthControllerTest" time="0.173">
    <system-out><![CDATA[2025-12-14T15:09:18.071+03:00  INFO 538299 --- [auth-service] [           main] c.e.a.controller.AuthController          : Token refresh request
]]></system-out>
  </testcase>
</testsuite>